This file contains any messages produced by compilers while
running configure, to aid debugging if configure makes a mistake.

It was created by libusb_vhci configure 0.7, which was
generated by GNU Autoconf 2.69.  Invocation command line was

  $ ./configure 

## --------- ##
## Platform. ##
## --------- ##

hostname = ubuntu
uname -m = x86_64
uname -r = 3.19.0-30-generic
uname -s = Linux
uname -v = #34~14.04.1-Ubuntu SMP Fri Oct 2 22:09:39 UTC 2015

/usr/bin/uname -p = unknown
/bin/uname -X     = unknown

/bin/arch              = unknown
/usr/bin/arch -k       = unknown
/usr/convex/getsysinfo = unknown
/usr/bin/hostinfo      = unknown
/bin/machine           = unknown
/usr/bin/oslevel       = unknown
/bin/universe          = unknown

PATH: /usr/local/sbin
PATH: /usr/local/bin
PATH: /usr/sbin
PATH: /usr/bin
PATH: /sbin
PATH: /bin
PATH: /usr/games
PATH: /usr/local/games


## ----------- ##
## Core tests. ##
## ----------- ##

configure:2580: checking for a BSD-compatible install
configure:2648: result: /usr/bin/install -c
configure:2659: checking whether build environment is sane
configure:2714: result: yes
configure:2865: checking for a thread-safe mkdir -p
configure:2904: result: /bin/mkdir -p
configure:2911: checking for gawk
configure:2927: found /usr/bin/gawk
configure:2938: result: gawk
configure:2949: checking whether make sets $(MAKE)
configure:2971: result: yes
configure:3000: checking whether make supports nested variables
configure:3017: result: yes
configure:3106: checking whether UID '1000' is supported by ustar format
configure:3109: result: yes
configure:3116: checking whether GID '1000' is supported by ustar format
configure:3119: result: yes
configure:3127: checking how to create a ustar tar archive
configure:3138: tar --version
tar (GNU tar) 1.27.1
Copyright (C) 2013 Free Software Foundation, Inc.
License GPLv3+: GNU GPL version 3 or later <http://gnu.org/licenses/gpl.html>.
This is free software: you are free to change and redistribute it.
There is NO WARRANTY, to the extent permitted by law.

Written by John Gilmore and Jay Fenlason.
configure:3141: $? = 0
configure:3181: tardir=conftest.dir && eval tar --format=ustar -chf - "$tardir" >conftest.tar
configure:3184: $? = 0
configure:3188: tar -xf - <conftest.tar
configure:3191: $? = 0
configure:3193: cat conftest.dir/file
GrepMe
configure:3196: $? = 0
configure:3209: result: gnutar
configure:3218: checking whether to enable maintainer-specific portions of Makefiles
configure:3227: result: no
configure:3271: checking build system type
configure:3285: result: x86_64-unknown-linux-gnu
configure:3305: checking host system type
configure:3318: result: x86_64-unknown-linux-gnu
configure:3359: checking how to print strings
configure:3386: result: printf
configure:3419: checking for style of include used by make
configure:3447: result: GNU
configure:3518: checking for gcc
configure:3534: found /usr/bin/gcc
configure:3545: result: gcc
configure:3774: checking for C compiler version
configure:3783: gcc --version >&5
gcc (Ubuntu 4.8.4-2ubuntu1~14.04) 4.8.4
Copyright (C) 2013 Free Software Foundation, Inc.
This is free software; see the source for copying conditions.  There is NO
warranty; not even for MERCHANTABILITY or FITNESS FOR A PARTICULAR PURPOSE.

configure:3794: $? = 0
configure:3783: gcc -v >&5
Using built-in specs.
COLLECT_GCC=gcc
COLLECT_LTO_WRAPPER=/usr/lib/gcc/x86_64-linux-gnu/4.8/lto-wrapper
Target: x86_64-linux-gnu
Configured with: ../src/configure -v --with-pkgversion='Ubuntu 4.8.4-2ubuntu1~14.04' --with-bugurl=file:///usr/share/doc/gcc-4.8/README.Bugs --enable-languages=c,c++,java,go,d,fortran,objc,obj-c++ --prefix=/usr --program-suffix=-4.8 --enable-shared --enable-linker-build-id --libexecdir=/usr/lib --without-included-gettext --enable-threads=posix --with-gxx-include-dir=/usr/include/c++/4.8 --libdir=/usr/lib --enable-nls --with-sysroot=/ --enable-clocale=gnu --enable-libstdcxx-debug --enable-libstdcxx-time=yes --enable-gnu-unique-object --disable-libmudflap --enable-plugin --with-system-zlib --disable-browser-plugin --enable-java-awt=gtk --enable-gtk-cairo --with-java-home=/usr/lib/jvm/java-1.5.0-gcj-4.8-amd64/jre --enable-java-home --with-jvm-root-dir=/usr/lib/jvm/java-1.5.0-gcj-4.8-amd64 --with-jvm-jar-dir=/usr/lib/jvm-exports/java-1.5.0-gcj-4.8-amd64 --with-arch-directory=amd64 --with-ecj-jar=/usr/share/java/eclipse-ecj.jar --enable-objc-gc --enable-multiarch --disable-werror --with-arch-32=i686 --with-abi=m64 --with-multilib-list=m32,m64,mx32 --with-tune=generic --enable-checking=release --build=x86_64-linux-gnu --host=x86_64-linux-gnu --target=x86_64-linux-gnu
Thread model: posix
gcc version 4.8.4 (Ubuntu 4.8.4-2ubuntu1~14.04) 
configure:3794: $? = 0
configure:3783: gcc -V >&5
gcc: error: unrecognized command line option '-V'
gcc: fatal error: no input files
compilation terminated.
configure:3794: $? = 4
configure:3783: gcc -qversion >&5
gcc: error: unrecognized command line option '-qversion'
gcc: fatal error: no input files
compilation terminated.
configure:3794: $? = 4
configure:3814: checking whether the C compiler works
configure:3836: gcc    conftest.c  >&5
configure:3840: $? = 0
configure:3888: result: yes
configure:3891: checking for C compiler default output file name
configure:3893: result: a.out
configure:3899: checking for suffix of executables
configure:3906: gcc -o conftest    conftest.c  >&5
configure:3910: $? = 0
configure:3932: result: 
configure:3954: checking whether we are cross compiling
configure:3962: gcc -o conftest    conftest.c  >&5
configure:3966: $? = 0
configure:3973: ./conftest
configure:3977: $? = 0
configure:3992: result: no
configure:3997: checking for suffix of object files
configure:4019: gcc -c   conftest.c >&5
configure:4023: $? = 0
configure:4044: result: o
configure:4048: checking whether we are using the GNU C compiler
configure:4067: gcc -c   conftest.c >&5
configure:4067: $? = 0
configure:4076: result: yes
configure:4085: checking whether gcc accepts -g
configure:4105: gcc -c -g  conftest.c >&5
configure:4105: $? = 0
configure:4146: result: yes
configure:4163: checking for gcc option to accept ISO C89
configure:4226: gcc  -c -g -O2  conftest.c >&5
configure:4226: $? = 0
configure:4239: result: none needed
configure:4261: checking dependency style of gcc
configure:4372: result: gcc3
configure:4387: checking for a sed that does not truncate output
configure:4451: result: /bin/sed
configure:4469: checking for grep that handles long lines and -e
configure:4527: result: /bin/grep
configure:4532: checking for egrep
configure:4594: result: /bin/grep -E
configure:4599: checking for fgrep
configure:4661: result: /bin/grep -F
configure:4696: checking for ld used by gcc
configure:4763: result: /usr/bin/ld
configure:4770: checking if the linker (/usr/bin/ld) is GNU ld
configure:4785: result: yes
configure:4797: checking for BSD- or MS-compatible name lister (nm)
configure:4846: result: /usr/bin/nm -B
configure:4976: checking the name lister (/usr/bin/nm -B) interface
configure:4983: gcc -c -g -O2  conftest.c >&5
configure:4986: /usr/bin/nm -B "conftest.o"
configure:4989: output
0000000000000000 B some_variable
configure:4996: result: BSD nm
configure:4999: checking whether ln -s works
configure:5003: result: yes
configure:5011: checking the maximum length of command line arguments
configure:5141: result: 1572864
configure:5158: checking whether the shell understands some XSI constructs
configure:5168: result: yes
configure:5172: checking whether the shell understands "+="
configure:5178: result: yes
configure:5213: checking how to convert x86_64-unknown-linux-gnu file names to x86_64-unknown-linux-gnu format
configure:5253: result: func_convert_file_noop
configure:5260: checking how to convert x86_64-unknown-linux-gnu file names to toolchain format
configure:5280: result: func_convert_file_noop
configure:5287: checking for /usr/bin/ld option to reload object files
configure:5294: result: -r
configure:5368: checking for objdump
configure:5384: found /usr/bin/objdump
configure:5395: result: objdump
configure:5427: checking how to recognize dependent libraries
configure:5629: result: pass_all
configure:5714: checking for dlltool
configure:5744: result: no
configure:5774: checking how to associate runtime and link libraries
configure:5801: result: printf %s\n
configure:5862: checking for ar
configure:5878: found /usr/bin/ar
configure:5889: result: ar
configure:5926: checking for archiver @FILE support
configure:5943: gcc -c -g -O2  conftest.c >&5
configure:5943: $? = 0
configure:5946: ar cru libconftest.a @conftest.lst >&5
configure:5949: $? = 0
configure:5954: ar cru libconftest.a @conftest.lst >&5
ar: conftest.o: No such file or directory
configure:5957: $? = 1
configure:5969: result: @
configure:6027: checking for strip
configure:6043: found /usr/bin/strip
configure:6054: result: strip
configure:6126: checking for ranlib
configure:6142: found /usr/bin/ranlib
configure:6153: result: ranlib
configure:6255: checking command to parse /usr/bin/nm -B output from gcc object
configure:6375: gcc -c -g -O2  conftest.c >&5
configure:6378: $? = 0
configure:6382: /usr/bin/nm -B conftest.o \| sed -n -e 's/^.*[ ]\([ABCDGIRSTW][ABCDGIRSTW]*\)[ ][ ]*\([_A-Za-z][_A-Za-z0-9]*\)$/\1 \2 \2/p' | sed '/ __gnu_lto/d' \> conftest.nm
configure:6385: $? = 0
configure:6451: gcc -o conftest -g -O2   conftest.c conftstm.o >&5
configure:6454: $? = 0
configure:6492: result: ok
configure:6529: checking for sysroot
configure:6559: result: no
configure:6636: gcc -c -g -O2  conftest.c >&5
configure:6639: $? = 0
configure:6815: checking for mt
configure:6831: found /bin/mt
configure:6842: result: mt
configure:6865: checking if mt is a manifest tool
configure:6871: mt '-?'
configure:6879: result: no
configure:7521: checking how to run the C preprocessor
configure:7552: gcc -E  conftest.c
configure:7552: $? = 0
configure:7566: gcc -E  conftest.c
conftest.c:11:28: fatal error: ac_nonexistent.h: No such file or directory
 #include <ac_nonexistent.h>
                            ^
compilation terminated.
configure:7566: $? = 1
configure: failed program was:
| /* confdefs.h */
| #define PACKAGE_NAME "libusb_vhci"
| #define PACKAGE_TARNAME "libusb_vhci"
| #define PACKAGE_VERSION "0.7"
| #define PACKAGE_STRING "libusb_vhci 0.7"
| #define PACKAGE_BUGREPORT ""
| #define PACKAGE_URL ""
| #define PACKAGE "libusb_vhci"
| #define VERSION "0.7"
| /* end confdefs.h.  */
| #include <ac_nonexistent.h>
configure:7591: result: gcc -E
configure:7611: gcc -E  conftest.c
configure:7611: $? = 0
configure:7625: gcc -E  conftest.c
conftest.c:11:28: fatal error: ac_nonexistent.h: No such file or directory
 #include <ac_nonexistent.h>
                            ^
compilation terminated.
configure:7625: $? = 1
configure: failed program was:
| /* confdefs.h */
| #define PACKAGE_NAME "libusb_vhci"
| #define PACKAGE_TARNAME "libusb_vhci"
| #define PACKAGE_VERSION "0.7"
| #define PACKAGE_STRING "libusb_vhci 0.7"
| #define PACKAGE_BUGREPORT ""
| #define PACKAGE_URL ""
| #define PACKAGE "libusb_vhci"
| #define VERSION "0.7"
| /* end confdefs.h.  */
| #include <ac_nonexistent.h>
configure:7654: checking for ANSI C header files
configure:7674: gcc -c -g -O2  conftest.c >&5
configure:7674: $? = 0
configure:7747: gcc -o conftest -g -O2   conftest.c  >&5
configure:7747: $? = 0
configure:7747: ./conftest
configure:7747: $? = 0
configure:7758: result: yes
configure:7771: checking for sys/types.h
configure:7771: gcc -c -g -O2  conftest.c >&5
configure:7771: $? = 0
configure:7771: result: yes
configure:7771: checking for sys/stat.h
configure:7771: gcc -c -g -O2  conftest.c >&5
configure:7771: $? = 0
configure:7771: result: yes
configure:7771: checking for stdlib.h
configure:7771: gcc -c -g -O2  conftest.c >&5
configure:7771: $? = 0
configure:7771: result: yes
configure:7771: checking for string.h
configure:7771: gcc -c -g -O2  conftest.c >&5
configure:7771: $? = 0
configure:7771: result: yes
configure:7771: checking for memory.h
configure:7771: gcc -c -g -O2  conftest.c >&5
configure:7771: $? = 0
configure:7771: result: yes
configure:7771: checking for strings.h
configure:7771: gcc -c -g -O2  conftest.c >&5
configure:7771: $? = 0
configure:7771: result: yes
configure:7771: checking for inttypes.h
configure:7771: gcc -c -g -O2  conftest.c >&5
configure:7771: $? = 0
configure:7771: result: yes
configure:7771: checking for stdint.h
configure:7771: gcc -c -g -O2  conftest.c >&5
configure:7771: $? = 0
configure:7771: result: yes
configure:7771: checking for unistd.h
configure:7771: gcc -c -g -O2  conftest.c >&5
configure:7771: $? = 0
configure:7771: result: yes
configure:7785: checking for dlfcn.h
configure:7785: gcc -c -g -O2  conftest.c >&5
configure:7785: $? = 0
configure:7785: result: yes
configure:7991: checking for objdir
configure:8006: result: .libs
configure:8277: checking if gcc supports -fno-rtti -fno-exceptions
configure:8295: gcc -c -g -O2  -fno-rtti -fno-exceptions conftest.c >&5
cc1: warning: command line option '-fno-rtti' is valid for C++/ObjC++ but not for C [enabled by default]
configure:8299: $? = 0
configure:8312: result: no
configure:8639: checking for gcc option to produce PIC
configure:8646: result: -fPIC -DPIC
configure:8654: checking if gcc PIC flag -fPIC -DPIC works
configure:8672: gcc -c -g -O2  -fPIC -DPIC -DPIC conftest.c >&5
configure:8676: $? = 0
configure:8689: result: yes
configure:8718: checking if gcc static flag -static works
configure:8746: result: yes
configure:8761: checking if gcc supports -c -o file.o
configure:8782: gcc -c -g -O2  -o out/conftest2.o conftest.c >&5
configure:8786: $? = 0
configure:8808: result: yes
configure:8816: checking if gcc supports -c -o file.o
configure:8863: result: yes
configure:8896: checking whether the gcc linker (/usr/bin/ld -m elf_x86_64) supports shared libraries
configure:10049: result: yes
configure:10086: checking whether -lc should be explicitly linked in
configure:10094: gcc -c -g -O2  conftest.c >&5
configure:10097: $? = 0
configure:10112: gcc -shared  -fPIC -DPIC conftest.o  -v -Wl,-soname -Wl,conftest -o conftest 2\>\&1 \| /bin/grep  -lc  \>/dev/null 2\>\&1
configure:10115: $? = 0
configure:10129: result: no
configure:10289: checking dynamic linker characteristics
configure:10800: gcc -o conftest -g -O2   -Wl,-rpath -Wl,/foo conftest.c  >&5
configure:10800: $? = 0
configure:11026: result: GNU/Linux ld.so
configure:11133: checking how to hardcode library paths into programs
configure:11158: result: immediate
configure:11698: checking whether stripping libraries is possible
configure:11703: result: yes
configure:11738: checking if libtool supports shared libraries
configure:11740: result: yes
configure:11743: checking whether to build shared libraries
configure:11764: result: yes
configure:11767: checking whether to build static libraries
configure:11771: result: yes
configure:11913: checking for gcc
configure:11940: result: gcc
configure:12169: checking for C compiler version
configure:12178: gcc --version >&5
gcc (Ubuntu 4.8.4-2ubuntu1~14.04) 4.8.4
Copyright (C) 2013 Free Software Foundation, Inc.
This is free software; see the source for copying conditions.  There is NO
warranty; not even for MERCHANTABILITY or FITNESS FOR A PARTICULAR PURPOSE.

configure:12189: $? = 0
configure:12178: gcc -v >&5
Using built-in specs.
COLLECT_GCC=gcc
COLLECT_LTO_WRAPPER=/usr/lib/gcc/x86_64-linux-gnu/4.8/lto-wrapper
Target: x86_64-linux-gnu
Configured with: ../src/configure -v --with-pkgversion='Ubuntu 4.8.4-2ubuntu1~14.04' --with-bugurl=file:///usr/share/doc/gcc-4.8/README.Bugs --enable-languages=c,c++,java,go,d,fortran,objc,obj-c++ --prefix=/usr --program-suffix=-4.8 --enable-shared --enable-linker-build-id --libexecdir=/usr/lib --without-included-gettext --enable-threads=posix --with-gxx-include-dir=/usr/include/c++/4.8 --libdir=/usr/lib --enable-nls --with-sysroot=/ --enable-clocale=gnu --enable-libstdcxx-debug --enable-libstdcxx-time=yes --enable-gnu-unique-object --disable-libmudflap --enable-plugin --with-system-zlib --disable-browser-plugin --enable-java-awt=gtk --enable-gtk-cairo --with-java-home=/usr/lib/jvm/java-1.5.0-gcj-4.8-amd64/jre --enable-java-home --with-jvm-root-dir=/usr/lib/jvm/java-1.5.0-gcj-4.8-amd64 --with-jvm-jar-dir=/usr/lib/jvm-exports/java-1.5.0-gcj-4.8-amd64 --with-arch-directory=amd64 --with-ecj-jar=/usr/share/java/eclipse-ecj.jar --enable-objc-gc --enable-multiarch --disable-werror --with-arch-32=i686 --with-abi=m64 --with-multilib-list=m32,m64,mx32 --with-tune=generic --enable-checking=release --build=x86_64-linux-gnu --host=x86_64-linux-gnu --target=x86_64-linux-gnu
Thread model: posix
gcc version 4.8.4 (Ubuntu 4.8.4-2ubuntu1~14.04) 
configure:12189: $? = 0
configure:12178: gcc -V >&5
gcc: error: unrecognized command line option '-V'
gcc: fatal error: no input files
compilation terminated.
configure:12189: $? = 4
configure:12178: gcc -qversion >&5
gcc: error: unrecognized command line option '-qversion'
gcc: fatal error: no input files
compilation terminated.
configure:12189: $? = 4
configure:12193: checking whether we are using the GNU C compiler
configure:12221: result: yes
configure:12230: checking whether gcc accepts -g
configure:12291: result: yes
configure:12308: checking for gcc option to accept ISO C89
configure:12384: result: none needed
configure:12406: checking dependency style of gcc
configure:12517: result: gcc3
configure:12536: checking for gcc option to accept ISO C99
configure:12685: gcc  -c -O2 -g -O2  conftest.c >&5
conftest.c:73:29: error: expected ';', ',' or ')' before 'text'
 test_restrict (ccp restrict text)
                             ^
conftest.c: In function 'main':
conftest.c:127:18: error: expected '=', ',', ';', 'asm' or '__attribute__' before 'newvar'
   char *restrict newvar = "Another string";
                  ^
conftest.c:127:18: error: 'newvar' undeclared (first use in this function)
conftest.c:127:18: note: each undeclared identifier is reported only once for each function it appears in
conftest.c:137:3: error: 'for' loop initial declarations are only allowed in C99 mode
   for (int i = 0; i < ia->datasize; ++i)
   ^
conftest.c:137:3: note: use option -std=c99 or -std=gnu99 to compile your code
configure:12685: $? = 1
configure: failed program was:
| /* confdefs.h */
| #define PACKAGE_NAME "libusb_vhci"
| #define PACKAGE_TARNAME "libusb_vhci"
| #define PACKAGE_VERSION "0.7"
| #define PACKAGE_STRING "libusb_vhci 0.7"
| #define PACKAGE_BUGREPORT ""
| #define PACKAGE_URL ""
| #define PACKAGE "libusb_vhci"
| #define VERSION "0.7"
| #define STDC_HEADERS 1
| #define HAVE_SYS_TYPES_H 1
| #define HAVE_SYS_STAT_H 1
| #define HAVE_STDLIB_H 1
| #define HAVE_STRING_H 1
| #define HAVE_MEMORY_H 1
| #define HAVE_STRINGS_H 1
| #define HAVE_INTTYPES_H 1
| #define HAVE_STDINT_H 1
| #define HAVE_UNISTD_H 1
| #define HAVE_DLFCN_H 1
| #define LT_OBJDIR ".libs/"
| /* end confdefs.h.  */
| #include <stdarg.h>
| #include <stdbool.h>
| #include <stdlib.h>
| #include <wchar.h>
| #include <stdio.h>
| 
| // Check varargs macros.  These examples are taken from C99 6.10.3.5.
| #define debug(...) fprintf (stderr, __VA_ARGS__)
| #define showlist(...) puts (#__VA_ARGS__)
| #define report(test,...) ((test) ? puts (#test) : printf (__VA_ARGS__))
| static void
| test_varargs_macros (void)
| {
|   int x = 1234;
|   int y = 5678;
|   debug ("Flag");
|   debug ("X = %d\n", x);
|   showlist (The first, second, and third items.);
|   report (x>y, "x is %d but y is %d", x, y);
| }
| 
| // Check long long types.
| #define BIG64 18446744073709551615ull
| #define BIG32 4294967295ul
| #define BIG_OK (BIG64 / BIG32 == 4294967297ull && BIG64 % BIG32 == 0)
| #if !BIG_OK
|   your preprocessor is broken;
| #endif
| #if BIG_OK
| #else
|   your preprocessor is broken;
| #endif
| static long long int bignum = -9223372036854775807LL;
| static unsigned long long int ubignum = BIG64;
| 
| struct incomplete_array
| {
|   int datasize;
|   double data[];
| };
| 
| struct named_init {
|   int number;
|   const wchar_t *name;
|   double average;
| };
| 
| typedef const char *ccp;
| 
| static inline int
| test_restrict (ccp restrict text)
| {
|   // See if C++-style comments work.
|   // Iterate through items via the restricted pointer.
|   // Also check for declarations in for loops.
|   for (unsigned int i = 0; *(text+i) != '\0'; ++i)
|     continue;
|   return 0;
| }
| 
| // Check varargs and va_copy.
| static void
| test_varargs (const char *format, ...)
| {
|   va_list args;
|   va_start (args, format);
|   va_list args_copy;
|   va_copy (args_copy, args);
| 
|   const char *str;
|   int number;
|   float fnumber;
| 
|   while (*format)
|     {
|       switch (*format++)
| 	{
| 	case 's': // string
| 	  str = va_arg (args_copy, const char *);
| 	  break;
| 	case 'd': // int
| 	  number = va_arg (args_copy, int);
| 	  break;
| 	case 'f': // float
| 	  fnumber = va_arg (args_copy, double);
| 	  break;
| 	default:
| 	  break;
| 	}
|     }
|   va_end (args_copy);
|   va_end (args);
| }
| 
| int
| main ()
| {
| 
|   // Check bool.
|   _Bool success = false;
| 
|   // Check restrict.
|   if (test_restrict ("String literal") == 0)
|     success = true;
|   char *restrict newvar = "Another string";
| 
|   // Check varargs.
|   test_varargs ("s, d' f .", "string", 65, 34.234);
|   test_varargs_macros ();
| 
|   // Check flexible array members.
|   struct incomplete_array *ia =
|     malloc (sizeof (struct incomplete_array) + (sizeof (double) * 10));
|   ia->datasize = 10;
|   for (int i = 0; i < ia->datasize; ++i)
|     ia->data[i] = i * 1.234;
| 
|   // Check named initializers.
|   struct named_init ni = {
|     .number = 34,
|     .name = L"Test wide string",
|     .average = 543.34343,
|   };
| 
|   ni.number = 58;
| 
|   int dynamic_array[ni.number];
|   dynamic_array[ni.number - 1] = 543;
| 
|   // work around unused variable warnings
|   return (!success || bignum == 0LL || ubignum == 0uLL || newvar[0] == 'x'
| 	  || dynamic_array[ni.number - 1] != 543);
| 
|   ;
|   return 0;
| }
configure:12685: gcc -std=gnu99 -c -O2 -g -O2  conftest.c >&5
configure:12685: $? = 0
configure:12705: result: -std=gnu99
configure:12806: checking for gcc -std=gnu99 option to accept ISO Standard C
configure:12820: result: -std=gnu99
configure:12825: checking whether gcc -std=gnu99 and cc understand -c and -o together
configure:12856: gcc -std=gnu99 -c conftest.c -o conftest2.o >&5
configure:12860: $? = 0
configure:12866: gcc -std=gnu99 -c conftest.c -o conftest2.o >&5
configure:12870: $? = 0
configure:12881: cc -c conftest.c >&5
configure:12885: $? = 0
configure:12893: cc -c conftest.c -o conftest2.o >&5
configure:12897: $? = 0
configure:12903: cc -c conftest.c -o conftest2.o >&5
configure:12907: $? = 0
configure:12925: result: yes
configure:13008: checking for g++
configure:13024: found /usr/bin/g++
configure:13035: result: g++
configure:13062: checking for C++ compiler version
configure:13071: g++ --version >&5
g++ (Ubuntu 4.8.4-2ubuntu1~14.04) 4.8.4
Copyright (C) 2013 Free Software Foundation, Inc.
This is free software; see the source for copying conditions.  There is NO
warranty; not even for MERCHANTABILITY or FITNESS FOR A PARTICULAR PURPOSE.

configure:13082: $? = 0
configure:13071: g++ -v >&5
Using built-in specs.
COLLECT_GCC=g++
COLLECT_LTO_WRAPPER=/usr/lib/gcc/x86_64-linux-gnu/4.8/lto-wrapper
Target: x86_64-linux-gnu
Configured with: ../src/configure -v --with-pkgversion='Ubuntu 4.8.4-2ubuntu1~14.04' --with-bugurl=file:///usr/share/doc/gcc-4.8/README.Bugs --enable-languages=c,c++,java,go,d,fortran,objc,obj-c++ --prefix=/usr --program-suffix=-4.8 --enable-shared --enable-linker-build-id --libexecdir=/usr/lib --without-included-gettext --enable-threads=posix --with-gxx-include-dir=/usr/include/c++/4.8 --libdir=/usr/lib --enable-nls --with-sysroot=/ --enable-clocale=gnu --enable-libstdcxx-debug --enable-libstdcxx-time=yes --enable-gnu-unique-object --disable-libmudflap --enable-plugin --with-system-zlib --disable-browser-plugin --enable-java-awt=gtk --enable-gtk-cairo --with-java-home=/usr/lib/jvm/java-1.5.0-gcj-4.8-amd64/jre --enable-java-home --with-jvm-root-dir=/usr/lib/jvm/java-1.5.0-gcj-4.8-amd64 --with-jvm-jar-dir=/usr/lib/jvm-exports/java-1.5.0-gcj-4.8-amd64 --with-arch-directory=amd64 --with-ecj-jar=/usr/share/java/eclipse-ecj.jar --enable-objc-gc --enable-multiarch --disable-werror --with-arch-32=i686 --with-abi=m64 --with-multilib-list=m32,m64,mx32 --with-tune=generic --enable-checking=release --build=x86_64-linux-gnu --host=x86_64-linux-gnu --target=x86_64-linux-gnu
Thread model: posix
gcc version 4.8.4 (Ubuntu 4.8.4-2ubuntu1~14.04) 
configure:13082: $? = 0
configure:13071: g++ -V >&5
g++: error: unrecognized command line option '-V'
g++: fatal error: no input files
compilation terminated.
configure:13082: $? = 4
configure:13071: g++ -qversion >&5
g++: error: unrecognized command line option '-qversion'
g++: fatal error: no input files
compilation terminated.
configure:13082: $? = 4
configure:13086: checking whether we are using the GNU C++ compiler
configure:13105: g++ -c -O2   conftest.cpp >&5
configure:13105: $? = 0
configure:13114: result: yes
configure:13123: checking whether g++ accepts -g
configure:13143: g++ -c -g  conftest.cpp >&5
configure:13143: $? = 0
configure:13184: result: yes
configure:13209: checking dependency style of g++
configure:13320: result: gcc3
configure:13353: checking how to run the C++ preprocessor
configure:13380: g++ -E  conftest.cpp
configure:13380: $? = 0
configure:13394: g++ -E  conftest.cpp
conftest.cpp:23:28: fatal error: ac_nonexistent.h: No such file or directory
 #include <ac_nonexistent.h>
                            ^
compilation terminated.
configure:13394: $? = 1
configure: failed program was:
| /* confdefs.h */
| #define PACKAGE_NAME "libusb_vhci"
| #define PACKAGE_TARNAME "libusb_vhci"
| #define PACKAGE_VERSION "0.7"
| #define PACKAGE_STRING "libusb_vhci 0.7"
| #define PACKAGE_BUGREPORT ""
| #define PACKAGE_URL ""
| #define PACKAGE "libusb_vhci"
| #define VERSION "0.7"
| #define STDC_HEADERS 1
| #define HAVE_SYS_TYPES_H 1
| #define HAVE_SYS_STAT_H 1
| #define HAVE_STDLIB_H 1
| #define HAVE_STRING_H 1
| #define HAVE_MEMORY_H 1
| #define HAVE_STRINGS_H 1
| #define HAVE_INTTYPES_H 1
| #define HAVE_STDINT_H 1
| #define HAVE_UNISTD_H 1
| #define HAVE_DLFCN_H 1
| #define LT_OBJDIR ".libs/"
| /* end confdefs.h.  */
| #include <ac_nonexistent.h>
configure:13419: result: g++ -E
configure:13439: g++ -E  conftest.cpp
configure:13439: $? = 0
configure:13453: g++ -E  conftest.cpp
conftest.cpp:23:28: fatal error: ac_nonexistent.h: No such file or directory
 #include <ac_nonexistent.h>
                            ^
compilation terminated.
configure:13453: $? = 1
configure: failed program was:
| /* confdefs.h */
| #define PACKAGE_NAME "libusb_vhci"
| #define PACKAGE_TARNAME "libusb_vhci"
| #define PACKAGE_VERSION "0.7"
| #define PACKAGE_STRING "libusb_vhci 0.7"
| #define PACKAGE_BUGREPORT ""
| #define PACKAGE_URL ""
| #define PACKAGE "libusb_vhci"
| #define VERSION "0.7"
| #define STDC_HEADERS 1
| #define HAVE_SYS_TYPES_H 1
| #define HAVE_SYS_STAT_H 1
| #define HAVE_STDLIB_H 1
| #define HAVE_STRING_H 1
| #define HAVE_MEMORY_H 1
| #define HAVE_STRINGS_H 1
| #define HAVE_INTTYPES_H 1
| #define HAVE_STDINT_H 1
| #define HAVE_UNISTD_H 1
| #define HAVE_DLFCN_H 1
| #define LT_OBJDIR ".libs/"
| /* end confdefs.h.  */
| #include <ac_nonexistent.h>
configure:13622: checking for ld used by g++
configure:13689: result: /usr/bin/ld -m elf_x86_64
configure:13696: checking if the linker (/usr/bin/ld -m elf_x86_64) is GNU ld
configure:13711: result: yes
configure:13766: checking whether the g++ linker (/usr/bin/ld -m elf_x86_64) supports shared libraries
configure:14771: result: yes
configure:14807: g++ -c -O2   conftest.cpp >&5
configure:14810: $? = 0
configure:15330: checking for g++ option to produce PIC
configure:15337: result: -fPIC -DPIC
configure:15345: checking if g++ PIC flag -fPIC -DPIC works
configure:15363: g++ -c -O2   -fPIC -DPIC -DPIC conftest.cpp >&5
configure:15367: $? = 0
configure:15380: result: yes
configure:15403: checking if g++ static flag -static works
configure:15431: result: yes
configure:15443: checking if g++ supports -c -o file.o
configure:15464: g++ -c -O2   -o out/conftest2.o conftest.cpp >&5
configure:15468: $? = 0
configure:15490: result: yes
configure:15495: checking if g++ supports -c -o file.o
configure:15542: result: yes
configure:15572: checking whether the g++ linker (/usr/bin/ld -m elf_x86_64) supports shared libraries
configure:15608: result: yes
configure:15749: checking dynamic linker characteristics
configure:16420: result: GNU/Linux ld.so
configure:16473: checking how to hardcode library paths into programs
configure:16498: result: immediate
configure:16542: checking for pthread_self in -lpthread
configure:16567: gcc -std=gnu99 -o conftest -O2 -g -O2   conftest.c -lpthread   >&5
configure:16567: $? = 0
configure:16576: result: yes
configure:16595: checking pthread.h usability
configure:16595: gcc -std=gnu99 -c -O2 -g -O2  conftest.c >&5
configure:16595: $? = 0
configure:16595: result: yes
configure:16595: checking pthread.h presence
configure:16595: gcc -E  conftest.c
configure:16595: $? = 0
configure:16595: result: yes
configure:16595: checking for pthread.h
configure:16595: result: yes
configure:16595: checking for stdlib.h
configure:16595: result: yes
configure:16595: checking for stdint.h
configure:16595: result: yes
configure:16595: checking stdio.h usability
configure:16595: gcc -std=gnu99 -c -O2 -g -O2  conftest.c >&5
configure:16595: $? = 0
configure:16595: result: yes
configure:16595: checking stdio.h presence
configure:16595: gcc -E  conftest.c
configure:16595: $? = 0
configure:16595: result: yes
configure:16595: checking for stdio.h
configure:16595: result: yes
configure:16595: checking for string.h
configure:16595: result: yes
configure:16595: checking errno.h usability
configure:16595: gcc -std=gnu99 -c -O2 -g -O2  conftest.c >&5
configure:16595: $? = 0
configure:16595: result: yes
configure:16595: checking errno.h presence
configure:16595: gcc -E  conftest.c
configure:16595: $? = 0
configure:16595: result: yes
configure:16595: checking for errno.h
configure:16595: result: yes
configure:16595: checking fcntl.h usability
configure:16595: gcc -std=gnu99 -c -O2 -g -O2  conftest.c >&5
configure:16595: $? = 0
configure:16595: result: yes
configure:16595: checking fcntl.h presence
configure:16595: gcc -E  conftest.c
configure:16595: $? = 0
configure:16595: result: yes
configure:16595: checking for fcntl.h
configure:16595: result: yes
configure:16595: checking for unistd.h
configure:16595: result: yes
configure:16595: checking sys/ioctl.h usability
configure:16595: gcc -std=gnu99 -c -O2 -g -O2  conftest.c >&5
configure:16595: $? = 0
configure:16595: result: yes
configure:16595: checking sys/ioctl.h presence
configure:16595: gcc -E  conftest.c
configure:16595: $? = 0
configure:16595: result: yes
configure:16595: checking for sys/ioctl.h
configure:16595: result: yes
configure:16610: checking linux/ioctl.h usability
configure:16610: gcc -std=gnu99 -c -O2 -g -O2  conftest.c >&5
configure:16610: $? = 0
configure:16610: result: yes
configure:16610: checking linux/ioctl.h presence
configure:16610: gcc -E  conftest.c
configure:16610: $? = 0
configure:16610: result: yes
configure:16610: checking for linux/ioctl.h
configure:16610: result: yes
configure:16625: checking linux/usb-vhci.h usability
configure:16625: gcc -std=gnu99 -c -O2 -g -O2  conftest.c >&5
configure:16625: $? = 0
configure:16625: result: yes
configure:16625: checking linux/usb-vhci.h presence
configure:16625: gcc -E  conftest.c
configure:16625: $? = 0
configure:16625: result: yes
configure:16625: checking for linux/usb-vhci.h
configure:16625: result: yes
configure:16640: checking for stdbool.h that conforms to C99
configure:16707: gcc -std=gnu99 -c -O2 -g -O2  conftest.c >&5
configure:16707: $? = 0
configure:16714: result: yes
configure:16716: checking for _Bool
configure:16716: gcc -std=gnu99 -c -O2 -g -O2  conftest.c >&5
configure:16716: $? = 0
configure:16716: gcc -std=gnu99 -c -O2 -g -O2  conftest.c >&5
conftest.c: In function 'main':
conftest.c:71:20: error: expected expression before ')' token
 if (sizeof ((_Bool)))
                    ^
configure:16716: $? = 1
configure: failed program was:
| /* confdefs.h */
| #define PACKAGE_NAME "libusb_vhci"
| #define PACKAGE_TARNAME "libusb_vhci"
| #define PACKAGE_VERSION "0.7"
| #define PACKAGE_STRING "libusb_vhci 0.7"
| #define PACKAGE_BUGREPORT ""
| #define PACKAGE_URL ""
| #define PACKAGE "libusb_vhci"
| #define VERSION "0.7"
| #define STDC_HEADERS 1
| #define HAVE_SYS_TYPES_H 1
| #define HAVE_SYS_STAT_H 1
| #define HAVE_STDLIB_H 1
| #define HAVE_STRING_H 1
| #define HAVE_MEMORY_H 1
| #define HAVE_STRINGS_H 1
| #define HAVE_INTTYPES_H 1
| #define HAVE_STDINT_H 1
| #define HAVE_UNISTD_H 1
| #define HAVE_DLFCN_H 1
| #define LT_OBJDIR ".libs/"
| #define HAVE_LIBPTHREAD 1
| #define HAVE_PTHREAD_H 1
| #define HAVE_STDLIB_H 1
| #define HAVE_STDINT_H 1
| #define HAVE_STDIO_H 1
| #define HAVE_STRING_H 1
| #define HAVE_ERRNO_H 1
| #define HAVE_FCNTL_H 1
| #define HAVE_UNISTD_H 1
| #define HAVE_SYS_IOCTL_H 1
| #define HAVE_LINUX_IOCTL_H 1
| #define HAVE_LINUX_USB_VHCI_H 1
| /* end confdefs.h.  */
| #include <stdio.h>
| #ifdef HAVE_SYS_TYPES_H
| # include <sys/types.h>
| #endif
| #ifdef HAVE_SYS_STAT_H
| # include <sys/stat.h>
| #endif
| #ifdef STDC_HEADERS
| # include <stdlib.h>
| # include <stddef.h>
| #else
| # ifdef HAVE_STDLIB_H
| #  include <stdlib.h>
| # endif
| #endif
| #ifdef HAVE_STRING_H
| # if !defined STDC_HEADERS && defined HAVE_MEMORY_H
| #  include <memory.h>
| # endif
| # include <string.h>
| #endif
| #ifdef HAVE_STRINGS_H
| # include <strings.h>
| #endif
| #ifdef HAVE_INTTYPES_H
| # include <inttypes.h>
| #endif
| #ifdef HAVE_STDINT_H
| # include <stdint.h>
| #endif
| #ifdef HAVE_UNISTD_H
| # include <unistd.h>
| #endif
| int
| main ()
| {
| if (sizeof ((_Bool)))
| 	    return 0;
|   ;
|   return 0;
| }
configure:16716: result: yes
configure:16733: checking for int16_t
configure:16733: gcc -std=gnu99 -c -O2 -g -O2  conftest.c >&5
configure:16733: $? = 0
configure:16733: gcc -std=gnu99 -c -O2 -g -O2  conftest.c >&5
conftest.c: In function 'main':
conftest.c:74:12: error: size of array 'test_array' is negative
 static int test_array [1 - 2 * !((int16_t) (((((int16_t) 1 << N) << N) - 1) * 2 + 1)
            ^
configure:16733: $? = 1
configure: failed program was:
| /* confdefs.h */
| #define PACKAGE_NAME "libusb_vhci"
| #define PACKAGE_TARNAME "libusb_vhci"
| #define PACKAGE_VERSION "0.7"
| #define PACKAGE_STRING "libusb_vhci 0.7"
| #define PACKAGE_BUGREPORT ""
| #define PACKAGE_URL ""
| #define PACKAGE "libusb_vhci"
| #define VERSION "0.7"
| #define STDC_HEADERS 1
| #define HAVE_SYS_TYPES_H 1
| #define HAVE_SYS_STAT_H 1
| #define HAVE_STDLIB_H 1
| #define HAVE_STRING_H 1
| #define HAVE_MEMORY_H 1
| #define HAVE_STRINGS_H 1
| #define HAVE_INTTYPES_H 1
| #define HAVE_STDINT_H 1
| #define HAVE_UNISTD_H 1
| #define HAVE_DLFCN_H 1
| #define LT_OBJDIR ".libs/"
| #define HAVE_LIBPTHREAD 1
| #define HAVE_PTHREAD_H 1
| #define HAVE_STDLIB_H 1
| #define HAVE_STDINT_H 1
| #define HAVE_STDIO_H 1
| #define HAVE_STRING_H 1
| #define HAVE_ERRNO_H 1
| #define HAVE_FCNTL_H 1
| #define HAVE_UNISTD_H 1
| #define HAVE_SYS_IOCTL_H 1
| #define HAVE_LINUX_IOCTL_H 1
| #define HAVE_LINUX_USB_VHCI_H 1
| #define HAVE__BOOL 1
| #define HAVE_STDBOOL_H 1
| /* end confdefs.h.  */
| #include <stdio.h>
| #ifdef HAVE_SYS_TYPES_H
| # include <sys/types.h>
| #endif
| #ifdef HAVE_SYS_STAT_H
| # include <sys/stat.h>
| #endif
| #ifdef STDC_HEADERS
| # include <stdlib.h>
| # include <stddef.h>
| #else
| # ifdef HAVE_STDLIB_H
| #  include <stdlib.h>
| # endif
| #endif
| #ifdef HAVE_STRING_H
| # if !defined STDC_HEADERS && defined HAVE_MEMORY_H
| #  include <memory.h>
| # endif
| # include <string.h>
| #endif
| #ifdef HAVE_STRINGS_H
| # include <strings.h>
| #endif
| #ifdef HAVE_INTTYPES_H
| # include <inttypes.h>
| #endif
| #ifdef HAVE_STDINT_H
| # include <stdint.h>
| #endif
| #ifdef HAVE_UNISTD_H
| # include <unistd.h>
| #endif
| 	        enum { N = 16 / 2 - 1 };
| int
| main ()
| {
| static int test_array [1 - 2 * !((int16_t) (((((int16_t) 1 << N) << N) - 1) * 2 + 1)
| 		 < (int16_t) (((((int16_t) 1 << N) << N) - 1) * 2 + 2))];
| test_array [0] = 0;
| return test_array [0];
| 
|   ;
|   return 0;
| }
configure:16733: result: yes
configure:16744: checking for int32_t
configure:16744: gcc -std=gnu99 -c -O2 -g -O2  conftest.c >&5
configure:16744: $? = 0
configure:16744: gcc -std=gnu99 -c -O2 -g -O2  conftest.c >&5
conftest.c: In function 'main':
conftest.c:75:53: warning: integer overflow in expression [-Woverflow]
    < (int32_t) (((((int32_t) 1 << N) << N) - 1) * 2 + 2))];
                                                     ^
conftest.c:74:12: error: storage size of 'test_array' isn't constant
 static int test_array [1 - 2 * !((int32_t) (((((int32_t) 1 << N) << N) - 1) * 2 + 1)
            ^
configure:16744: $? = 1
configure: failed program was:
| /* confdefs.h */
| #define PACKAGE_NAME "libusb_vhci"
| #define PACKAGE_TARNAME "libusb_vhci"
| #define PACKAGE_VERSION "0.7"
| #define PACKAGE_STRING "libusb_vhci 0.7"
| #define PACKAGE_BUGREPORT ""
| #define PACKAGE_URL ""
| #define PACKAGE "libusb_vhci"
| #define VERSION "0.7"
| #define STDC_HEADERS 1
| #define HAVE_SYS_TYPES_H 1
| #define HAVE_SYS_STAT_H 1
| #define HAVE_STDLIB_H 1
| #define HAVE_STRING_H 1
| #define HAVE_MEMORY_H 1
| #define HAVE_STRINGS_H 1
| #define HAVE_INTTYPES_H 1
| #define HAVE_STDINT_H 1
| #define HAVE_UNISTD_H 1
| #define HAVE_DLFCN_H 1
| #define LT_OBJDIR ".libs/"
| #define HAVE_LIBPTHREAD 1
| #define HAVE_PTHREAD_H 1
| #define HAVE_STDLIB_H 1
| #define HAVE_STDINT_H 1
| #define HAVE_STDIO_H 1
| #define HAVE_STRING_H 1
| #define HAVE_ERRNO_H 1
| #define HAVE_FCNTL_H 1
| #define HAVE_UNISTD_H 1
| #define HAVE_SYS_IOCTL_H 1
| #define HAVE_LINUX_IOCTL_H 1
| #define HAVE_LINUX_USB_VHCI_H 1
| #define HAVE__BOOL 1
| #define HAVE_STDBOOL_H 1
| /* end confdefs.h.  */
| #include <stdio.h>
| #ifdef HAVE_SYS_TYPES_H
| # include <sys/types.h>
| #endif
| #ifdef HAVE_SYS_STAT_H
| # include <sys/stat.h>
| #endif
| #ifdef STDC_HEADERS
| # include <stdlib.h>
| # include <stddef.h>
| #else
| # ifdef HAVE_STDLIB_H
| #  include <stdlib.h>
| # endif
| #endif
| #ifdef HAVE_STRING_H
| # if !defined STDC_HEADERS && defined HAVE_MEMORY_H
| #  include <memory.h>
| # endif
| # include <string.h>
| #endif
| #ifdef HAVE_STRINGS_H
| # include <strings.h>
| #endif
| #ifdef HAVE_INTTYPES_H
| # include <inttypes.h>
| #endif
| #ifdef HAVE_STDINT_H
| # include <stdint.h>
| #endif
| #ifdef HAVE_UNISTD_H
| # include <unistd.h>
| #endif
| 	        enum { N = 32 / 2 - 1 };
| int
| main ()
| {
| static int test_array [1 - 2 * !((int32_t) (((((int32_t) 1 << N) << N) - 1) * 2 + 1)
| 		 < (int32_t) (((((int32_t) 1 << N) << N) - 1) * 2 + 2))];
| test_array [0] = 0;
| return test_array [0];
| 
|   ;
|   return 0;
| }
configure:16744: result: yes
configure:16755: checking for size_t
configure:16755: gcc -std=gnu99 -c -O2 -g -O2  conftest.c >&5
configure:16755: $? = 0
configure:16755: gcc -std=gnu99 -c -O2 -g -O2  conftest.c >&5
conftest.c: In function 'main':
conftest.c:73:21: error: expected expression before ')' token
 if (sizeof ((size_t)))
                     ^
configure:16755: $? = 1
configure: failed program was:
| /* confdefs.h */
| #define PACKAGE_NAME "libusb_vhci"
| #define PACKAGE_TARNAME "libusb_vhci"
| #define PACKAGE_VERSION "0.7"
| #define PACKAGE_STRING "libusb_vhci 0.7"
| #define PACKAGE_BUGREPORT ""
| #define PACKAGE_URL ""
| #define PACKAGE "libusb_vhci"
| #define VERSION "0.7"
| #define STDC_HEADERS 1
| #define HAVE_SYS_TYPES_H 1
| #define HAVE_SYS_STAT_H 1
| #define HAVE_STDLIB_H 1
| #define HAVE_STRING_H 1
| #define HAVE_MEMORY_H 1
| #define HAVE_STRINGS_H 1
| #define HAVE_INTTYPES_H 1
| #define HAVE_STDINT_H 1
| #define HAVE_UNISTD_H 1
| #define HAVE_DLFCN_H 1
| #define LT_OBJDIR ".libs/"
| #define HAVE_LIBPTHREAD 1
| #define HAVE_PTHREAD_H 1
| #define HAVE_STDLIB_H 1
| #define HAVE_STDINT_H 1
| #define HAVE_STDIO_H 1
| #define HAVE_STRING_H 1
| #define HAVE_ERRNO_H 1
| #define HAVE_FCNTL_H 1
| #define HAVE_UNISTD_H 1
| #define HAVE_SYS_IOCTL_H 1
| #define HAVE_LINUX_IOCTL_H 1
| #define HAVE_LINUX_USB_VHCI_H 1
| #define HAVE__BOOL 1
| #define HAVE_STDBOOL_H 1
| /* end confdefs.h.  */
| #include <stdio.h>
| #ifdef HAVE_SYS_TYPES_H
| # include <sys/types.h>
| #endif
| #ifdef HAVE_SYS_STAT_H
| # include <sys/stat.h>
| #endif
| #ifdef STDC_HEADERS
| # include <stdlib.h>
| # include <stddef.h>
| #else
| # ifdef HAVE_STDLIB_H
| #  include <stdlib.h>
| # endif
| #endif
| #ifdef HAVE_STRING_H
| # if !defined STDC_HEADERS && defined HAVE_MEMORY_H
| #  include <memory.h>
| # endif
| # include <string.h>
| #endif
| #ifdef HAVE_STRINGS_H
| # include <strings.h>
| #endif
| #ifdef HAVE_INTTYPES_H
| # include <inttypes.h>
| #endif
| #ifdef HAVE_STDINT_H
| # include <stdint.h>
| #endif
| #ifdef HAVE_UNISTD_H
| # include <unistd.h>
| #endif
| int
| main ()
| {
| if (sizeof ((size_t)))
| 	    return 0;
|   ;
|   return 0;
| }
configure:16755: result: yes
configure:16766: checking for uint16_t
configure:16766: gcc -std=gnu99 -c -O2 -g -O2  conftest.c >&5
configure:16766: $? = 0
configure:16766: result: yes
configure:16778: checking for uint32_t
configure:16778: gcc -std=gnu99 -c -O2 -g -O2  conftest.c >&5
configure:16778: $? = 0
configure:16778: result: yes
configure:16792: checking for uint64_t
configure:16792: gcc -std=gnu99 -c -O2 -g -O2  conftest.c >&5
configure:16792: $? = 0
configure:16792: result: yes
configure:16806: checking for uint8_t
configure:16806: gcc -std=gnu99 -c -O2 -g -O2  conftest.c >&5
configure:16806: $? = 0
configure:16806: result: yes
configure:16824: checking for stdlib.h
configure:16824: result: yes
configure:16834: checking for GNU libc compatible malloc
configure:16858: gcc -std=gnu99 -o conftest -O2 -g -O2   conftest.c -lpthread  >&5
configure:16858: $? = 0
configure:16858: ./conftest
configure:16858: $? = 0
configure:16868: result: yes
configure:16891: checking for memset
configure:16891: gcc -std=gnu99 -o conftest -O2 -g -O2   conftest.c -lpthread  >&5
conftest.c:62:6: warning: conflicting types for built-in function 'memset' [enabled by default]
 char memset ();
      ^
configure:16891: $? = 0
configure:16891: result: yes
configure:17013: checking that generated files are newer than configure
configure:17019: result: done
configure:17062: creating ./config.status

## ---------------------- ##
## Running config.status. ##
## ---------------------- ##

This file was extended by libusb_vhci config.status 0.7, which was
generated by GNU Autoconf 2.69.  Invocation command line was

  CONFIG_FILES    = 
  CONFIG_HEADERS  = 
  CONFIG_LINKS    = 
  CONFIG_COMMANDS = 
  $ ./config.status 

on ubuntu

config.status:1169: creating Makefile
config.status:1169: creating src/Makefile
config.status:1169: creating examples/Makefile
config.status:1169: creating config.h
config.status:1398: executing depfiles commands
config.status:1398: executing libtool commands

## ---------------- ##
## Cache variables. ##
## ---------------- ##

ac_cv_build=x86_64-unknown-linux-gnu
ac_cv_c_compiler_gnu=yes
ac_cv_c_int16_t=yes
ac_cv_c_int32_t=yes
ac_cv_c_uint16_t=yes
ac_cv_c_uint32_t=yes
ac_cv_c_uint64_t=yes
ac_cv_c_uint8_t=yes
ac_cv_cxx_compiler_gnu=yes
ac_cv_env_CCC_set=
ac_cv_env_CCC_value=
ac_cv_env_CC_set=
ac_cv_env_CC_value=
ac_cv_env_CFLAGS_set=
ac_cv_env_CFLAGS_value=
ac_cv_env_CPPFLAGS_set=
ac_cv_env_CPPFLAGS_value=
ac_cv_env_CPP_set=
ac_cv_env_CPP_value=
ac_cv_env_CXXCPP_set=
ac_cv_env_CXXCPP_value=
ac_cv_env_CXXFLAGS_set=
ac_cv_env_CXXFLAGS_value=
ac_cv_env_CXX_set=
ac_cv_env_CXX_value=
ac_cv_env_LDFLAGS_set=
ac_cv_env_LDFLAGS_value=
ac_cv_env_LIBS_set=
ac_cv_env_LIBS_value=
ac_cv_env_build_alias_set=
ac_cv_env_build_alias_value=
ac_cv_env_host_alias_set=
ac_cv_env_host_alias_value=
ac_cv_env_target_alias_set=
ac_cv_env_target_alias_value=
ac_cv_func_malloc_0_nonnull=yes
ac_cv_func_memset=yes
ac_cv_header_dlfcn_h=yes
ac_cv_header_errno_h=yes
ac_cv_header_fcntl_h=yes
ac_cv_header_inttypes_h=yes
ac_cv_header_linux_ioctl_h=yes
ac_cv_header_linux_usb_vhci_h=yes
ac_cv_header_memory_h=yes
ac_cv_header_pthread_h=yes
ac_cv_header_stdbool_h=yes
ac_cv_header_stdc=yes
ac_cv_header_stdint_h=yes
ac_cv_header_stdio_h=yes
ac_cv_header_stdlib_h=yes
ac_cv_header_string_h=yes
ac_cv_header_strings_h=yes
ac_cv_header_sys_ioctl_h=yes
ac_cv_header_sys_stat_h=yes
ac_cv_header_sys_types_h=yes
ac_cv_header_unistd_h=yes
ac_cv_host=x86_64-unknown-linux-gnu
ac_cv_lib_pthread_pthread_self=yes
ac_cv_objext=o
ac_cv_path_EGREP='/bin/grep -E'
ac_cv_path_FGREP='/bin/grep -F'
ac_cv_path_GREP=/bin/grep
ac_cv_path_SED=/bin/sed
ac_cv_path_install='/usr/bin/install -c'
ac_cv_path_mkdir=/bin/mkdir
ac_cv_prog_AWK=gawk
ac_cv_prog_CPP='gcc -E'
ac_cv_prog_CXXCPP='g++ -E'
ac_cv_prog_ac_ct_AR=ar
ac_cv_prog_ac_ct_CC=gcc
ac_cv_prog_ac_ct_CXX=g++
ac_cv_prog_ac_ct_MANIFEST_TOOL=mt
ac_cv_prog_ac_ct_OBJDUMP=objdump
ac_cv_prog_ac_ct_RANLIB=ranlib
ac_cv_prog_ac_ct_STRIP=strip
ac_cv_prog_cc_c89=
ac_cv_prog_cc_c99=-std=gnu99
ac_cv_prog_cc_g=yes
ac_cv_prog_cc_gcc_c_o=yes
ac_cv_prog_cc_stdc=-std=gnu99
ac_cv_prog_cxx_g=yes
ac_cv_prog_make_make_set=yes
ac_cv_type__Bool=yes
ac_cv_type_size_t=yes
am_cv_CC_dependencies_compiler_type=gcc3
am_cv_CXX_dependencies_compiler_type=gcc3
am_cv_make_support_nested_variables=yes
am_cv_prog_tar_ustar=gnutar
lt_cv_ar_at_file=@
lt_cv_archive_cmds_need_lc=no
lt_cv_deplibs_check_method=pass_all
lt_cv_file_magic_cmd='$MAGIC_CMD'
lt_cv_file_magic_test_file=
lt_cv_ld_reload_flag=-r
lt_cv_nm_interface='BSD nm'
lt_cv_objdir=.libs
lt_cv_path_LD=/usr/bin/ld
lt_cv_path_LDCXX='/usr/bin/ld -m elf_x86_64'
lt_cv_path_NM='/usr/bin/nm -B'
lt_cv_path_mainfest_tool=no
lt_cv_prog_compiler_c_o=yes
lt_cv_prog_compiler_c_o_CXX=yes
lt_cv_prog_compiler_pic='-fPIC -DPIC'
lt_cv_prog_compiler_pic_CXX='-fPIC -DPIC'
lt_cv_prog_compiler_pic_works=yes
lt_cv_prog_compiler_pic_works_CXX=yes
lt_cv_prog_compiler_rtti_exceptions=no
lt_cv_prog_compiler_static_works=yes
lt_cv_prog_compiler_static_works_CXX=yes
lt_cv_prog_gnu_ld=yes
lt_cv_prog_gnu_ldcxx=yes
lt_cv_sharedlib_from_linklib_cmd='printf %s\n'
lt_cv_shlibpath_overrides_runpath=no
lt_cv_sys_global_symbol_pipe='sed -n -e '\''s/^.*[	 ]\([ABCDGIRSTW][ABCDGIRSTW]*\)[	 ][	 ]*\([_A-Za-z][_A-Za-z0-9]*\)$/\1 \2 \2/p'\'' | sed '\''/ __gnu_lto/d'\'''
lt_cv_sys_global_symbol_to_c_name_address='sed -n -e '\''s/^: \([^ ]*\)[ ]*$/  {\"\1\", (void *) 0},/p'\'' -e '\''s/^[ABCDGIRSTW]* \([^ ]*\) \([^ ]*\)$/  {"\2", (void *) \&\2},/p'\'''
lt_cv_sys_global_symbol_to_c_name_address_lib_prefix='sed -n -e '\''s/^: \([^ ]*\)[ ]*$/  {\"\1\", (void *) 0},/p'\'' -e '\''s/^[ABCDGIRSTW]* \([^ ]*\) \(lib[^ ]*\)$/  {"\2", (void *) \&\2},/p'\'' -e '\''s/^[ABCDGIRSTW]* \([^ ]*\) \([^ ]*\)$/  {"lib\2", (void *) \&\2},/p'\'''
lt_cv_sys_global_symbol_to_cdecl='sed -n -e '\''s/^T .* \(.*\)$/extern int \1();/p'\'' -e '\''s/^[ABCDGIRSTW]* .* \(.*\)$/extern char \1;/p'\'''
lt_cv_sys_max_cmd_len=1572864
lt_cv_to_host_file_cmd=func_convert_file_noop
lt_cv_to_tool_file_cmd=func_convert_file_noop

## ----------------- ##
## Output variables. ##
## ----------------- ##

ACLOCAL='${SHELL} /home/definiter/homework/hw10/libusb_vhci-0.7/missing aclocal-1.13'
AMDEPBACKSLASH='\'
AMDEP_FALSE='#'
AMDEP_TRUE=''
AMTAR='$${TAR-tar}'
AM_BACKSLASH='\'
AM_DEFAULT_V='$(AM_DEFAULT_VERBOSITY)'
AM_DEFAULT_VERBOSITY='1'
AM_V='$(V)'
AR='ar'
AUTOCONF='${SHELL} /home/definiter/homework/hw10/libusb_vhci-0.7/missing autoconf'
AUTOHEADER='${SHELL} /home/definiter/homework/hw10/libusb_vhci-0.7/missing autoheader'
AUTOMAKE='${SHELL} /home/definiter/homework/hw10/libusb_vhci-0.7/missing automake-1.13'
AWK='gawk'
CC='gcc -std=gnu99'
CCDEPMODE='depmode=gcc3'
CFLAGS='-O2 -g -O2'
CPP='gcc -E'
CPPFLAGS=''
CXX='g++'
CXXCPP='g++ -E'
CXXDEPMODE='depmode=gcc3'
CXXFLAGS='-O2 '
CYGPATH_W='echo'
DEFS='-DHAVE_CONFIG_H'
DEPDIR='.deps'
DLLTOOL='false'
DSYMUTIL=''
DUMPBIN=''
ECHO_C=''
ECHO_N='-n'
ECHO_T=''
EGREP='/bin/grep -E'
ENABLE_DEBUG_FALSE=''
ENABLE_DEBUG_TRUE='#'
ENABLE_RELEASE_FALSE='#'
ENABLE_RELEASE_TRUE=''
EXEEXT=''
FGREP='/bin/grep -F'
GREP='/bin/grep'
INSTALL_DATA='${INSTALL} -m 644'
INSTALL_PROGRAM='${INSTALL}'
INSTALL_SCRIPT='${INSTALL}'
INSTALL_STRIP_PROGRAM='$(install_sh) -c -s'
LD='/usr/bin/ld -m elf_x86_64'
LDFLAGS=''
LIBOBJS=''
LIBS='-lpthread '
LIBTOOL='$(SHELL) $(top_builddir)/libtool'
LIPO=''
LN_S='ln -s'
LTLIBOBJS=''
MAINT='#'
MAINTAINER_MODE_FALSE=''
MAINTAINER_MODE_TRUE='#'
MAKEINFO='${SHELL} /home/definiter/homework/hw10/libusb_vhci-0.7/missing makeinfo'
MANIFEST_TOOL=':'
MKDIR_P='/bin/mkdir -p'
NM='/usr/bin/nm -B'
NMEDIT=''
OBJDUMP='objdump'
OBJEXT='o'
OTOOL64=''
OTOOL=''
PACKAGE='libusb_vhci'
PACKAGE_BUGREPORT=''
PACKAGE_NAME='libusb_vhci'
PACKAGE_STRING='libusb_vhci 0.7'
PACKAGE_TARNAME='libusb_vhci'
PACKAGE_URL=''
PACKAGE_VERSION='0.7'
PATH_SEPARATOR=':'
RANLIB='ranlib'
SED='/bin/sed'
SET_MAKE=''
SHELL='/bin/bash'
STRIP='strip'
VERSION='0.7'
ac_ct_AR='ar'
ac_ct_CC='gcc'
ac_ct_CXX='g++'
ac_ct_DUMPBIN=''
am__EXEEXT_FALSE=''
am__EXEEXT_TRUE='#'
am__fastdepCC_FALSE='#'
am__fastdepCC_TRUE=''
am__fastdepCXX_FALSE='#'
am__fastdepCXX_TRUE=''
am__include='include'
am__isrc=''
am__leading_dot='.'
am__nodep='_no'
am__quote=''
am__tar='tar --format=ustar -chf - "$$tardir"'
am__untar='tar -xf -'
bindir='${exec_prefix}/bin'
build='x86_64-unknown-linux-gnu'
build_alias=''
build_cpu='x86_64'
build_os='linux-gnu'
build_vendor='unknown'
datadir='${datarootdir}'
datarootdir='${prefix}/share'
docdir='${datarootdir}/doc/${PACKAGE_TARNAME}'
dvidir='${docdir}'
exec_prefix='${prefix}'
host='x86_64-unknown-linux-gnu'
host_alias=''
host_cpu='x86_64'
host_os='linux-gnu'
host_vendor='unknown'
htmldir='${docdir}'
includedir='${prefix}/include'
infodir='${datarootdir}/info'
install_sh='${SHELL} /home/definiter/homework/hw10/libusb_vhci-0.7/install-sh'
libdir='${exec_prefix}/lib'
libexecdir='${exec_prefix}/libexec'
localedir='${datarootdir}/locale'
localstatedir='${prefix}/var'
mandir='${datarootdir}/man'
mkdir_p='$(MKDIR_P)'
oldincludedir='/usr/include'
pdfdir='${docdir}'
prefix='/usr/local'
program_transform_name='s,x,x,'
psdir='${docdir}'
sbindir='${exec_prefix}/sbin'
sharedstatedir='${prefix}/com'
sysconfdir='${prefix}/etc'
target_alias=''

## ----------- ##
## confdefs.h. ##
## ----------- ##

/* confdefs.h */
#define PACKAGE_NAME "libusb_vhci"
#define PACKAGE_TARNAME "libusb_vhci"
#define PACKAGE_VERSION "0.7"
#define PACKAGE_STRING "libusb_vhci 0.7"
#define PACKAGE_BUGREPORT ""
#define PACKAGE_URL ""
#define PACKAGE "libusb_vhci"
#define VERSION "0.7"
#define STDC_HEADERS 1
#define HAVE_SYS_TYPES_H 1
#define HAVE_SYS_STAT_H 1
#define HAVE_STDLIB_H 1
#define HAVE_STRING_H 1
#define HAVE_MEMORY_H 1
#define HAVE_STRINGS_H 1
#define HAVE_INTTYPES_H 1
#define HAVE_STDINT_H 1
#define HAVE_UNISTD_H 1
#define HAVE_DLFCN_H 1
#define LT_OBJDIR ".libs/"
#define HAVE_LIBPTHREAD 1
#define HAVE_PTHREAD_H 1
#define HAVE_STDLIB_H 1
#define HAVE_STDINT_H 1
#define HAVE_STDIO_H 1
#define HAVE_STRING_H 1
#define HAVE_ERRNO_H 1
#define HAVE_FCNTL_H 1
#define HAVE_UNISTD_H 1
#define HAVE_SYS_IOCTL_H 1
#define HAVE_LINUX_IOCTL_H 1
#define HAVE_LINUX_USB_VHCI_H 1
#define HAVE__BOOL 1
#define HAVE_STDBOOL_H 1
#define HAVE_STDLIB_H 1
#define HAVE_MALLOC 1
#define HAVE_MEMSET 1

configure: exit 0
